####################<Script>####################
2018-05-02 01:28:18 AM: Script Started on GW-VMH 
2018-05-02 01:28:18 AM: Setting User Privacy Settings
2018-05-02 01:28:18 AM: Removing App Telemetry Settings for...
2018-05-02 01:28:18 AM: Location
2018-05-02 01:28:18 AM: Key already exists: SensorPermissionState at HKCU:\SOFTWARE\Microsoft\Windows NT\CurrentVersion\Sensor\Permissions\{BFA794E4-F964-4FDB-90F6-51056BFE4B44}
2018-05-02 01:28:18 AM: Camera
2018-05-02 01:28:18 AM: Calendar
2018-05-02 01:28:18 AM: Contacts
2018-05-02 01:28:18 AM: Notifications
2018-05-02 01:28:18 AM: Microphone
2018-05-02 01:28:18 AM: Account Info
2018-05-02 01:28:18 AM: Call history
2018-05-02 01:28:18 AM: Email, may break the Mail app?
2018-05-02 01:28:18 AM: TXT/MMS
2018-05-02 01:28:18 AM: Radios
2018-05-02 01:28:18 AM: Disabling Notifications for lockscreen
2018-05-02 01:28:18 AM: Added Key: NOC_GLOBAL_SETTING_ALLOW_TOASTS_ABOVE_LOCK at HKCU:\SOFTWARE\Microsoft\Windows\CurrentVersion\Notifications\Settings
2018-05-02 01:28:18 AM: Added Key: NOC_GLOBAL_SETTING_ALLOW_CRITICAL_TOASTS_ABOVE_LOCK at HKCU:\SOFTWARE\Microsoft\Windows\CurrentVersion\Notifications\Settings
2018-05-02 01:28:18 AM: Disabling Notifications
2018-05-02 01:28:18 AM: Added Key: Enabled at Microsoft.PowerShell.Core\Registry::HKEY_CURRENT_USER\SOFTWARE\Microsoft\Windows\CurrentVersion\Notifications\Settings\Microsoft.CommsPhone_8wekyb3d8bbwe!App
2018-05-02 01:28:18 AM: Added Key: Enabled at Microsoft.PowerShell.Core\Registry::HKEY_CURRENT_USER\SOFTWARE\Microsoft\Windows\CurrentVersion\Notifications\Settings\Microsoft.MessagingSkype_8wekyb3d8bbwe!App
2018-05-02 01:28:18 AM: Added Key: Enabled at Microsoft.PowerShell.Core\Registry::HKEY_CURRENT_USER\SOFTWARE\Microsoft\Windows\CurrentVersion\Notifications\Settings\Microsoft.MessagingSkype_8wekyb3d8bbwe!SkypeVideo
2018-05-02 01:28:18 AM: Added Key: Enabled at Microsoft.PowerShell.Core\Registry::HKEY_CURRENT_USER\SOFTWARE\Microsoft\Windows\CurrentVersion\Notifications\Settings\Microsoft.MessagingSkype_8wekyb3d8bbwe!x27e26f40ye031y48a6yb130yd1f20388991ax
2018-05-02 01:28:18 AM: Added Key: Enabled at Microsoft.PowerShell.Core\Registry::HKEY_CURRENT_USER\SOFTWARE\Microsoft\Windows\CurrentVersion\Notifications\Settings\Microsoft.Messaging_8wekyb3d8bbwe!App
2018-05-02 01:28:18 AM: Added Key: Enabled at Microsoft.PowerShell.Core\Registry::HKEY_CURRENT_USER\SOFTWARE\Microsoft\Windows\CurrentVersion\Notifications\Settings\Microsoft.Messaging_8wekyb3d8bbwe!SkypeVide
2018-05-02 01:28:18 AM: Added Key: Enabled at Microsoft.PowerShell.Core\Registry::HKEY_CURRENT_USER\SOFTWARE\Microsoft\Windows\CurrentVersion\Notifications\Settings\Microsoft.Messaging_8wekyb3d8bbwe!x27e26f40ye031y48a6yb130yd1f20388991ax
2018-05-02 01:28:18 AM: Added Key: Enabled at Microsoft.PowerShell.Core\Registry::HKEY_CURRENT_USER\SOFTWARE\Microsoft\Windows\CurrentVersion\Notifications\Settings\Microsoft.Windows.Cortana_cw5n1h2txyewy!CortanaUI
2018-05-02 01:28:18 AM: Added Key: Enabled at Microsoft.PowerShell.Core\Registry::HKEY_CURRENT_USER\SOFTWARE\Microsoft\Windows\CurrentVersion\Notifications\Settings\Windows.SystemToast.MobilityExperience
2018-05-02 01:28:18 AM: Lockscreen suggestions, rotating pictures
2018-05-02 01:28:18 AM: Key already exists: SoftLandingEnabled at HKCU:\SOFTWARE\Microsoft\Windows\CurrentVersion\ContentDeliveryManager
2018-05-02 01:28:18 AM: Key already exists: RotatingLockScreenEnabled at HKCU:\SOFTWARE\Microsoft\Windows\CurrentVersion\ContentDeliveryManager
2018-05-02 01:28:18 AM: Key already exists: RotatingLockScreenOverlayEnabled at HKCU:\SOFTWARE\Microsoft\Windows\CurrentVersion\ContentDeliveryManager
2018-05-02 01:28:18 AM: Key already exists: SubscribedContent-338387Enabled at HKCU:\SOFTWARE\Microsoft\Windows\CurrentVersion\ContentDeliveryManager
2018-05-02 01:28:18 AM: Key already exists: SubscribedContent-338388Enabled at HKCU:\SOFTWARE\Microsoft\Windows\CurrentVersion\ContentDeliveryManager
2018-05-02 01:28:18 AM: Key already exists: SubscribedContent-338389Enabled at HKCU:\SOFTWARE\Microsoft\Windows\CurrentVersion\ContentDeliveryManager
2018-05-02 01:28:18 AM: Added Key: SubscribedContent-338393Enabled at HKCU:\SOFTWARE\Microsoft\Windows\CurrentVersion\ContentDeliveryManager
2018-05-02 01:28:18 AM: Disabling Welcome Experience Notification
2018-05-02 01:28:18 AM: Added Key: SubscribedContent-310093Enabled at HKCU:\SOFTWARE\Microsoft\Windows\CurrentVersion\ContentDeliveryManager
2018-05-02 01:28:18 AM: Preinstalled apps, Minecraft Twitter etc all that - Enterprise only it seems
2018-05-02 01:28:18 AM: Key already exists: PreInstalledAppsEnabled at HKCU:\SOFTWARE\Microsoft\Windows\CurrentVersion\ContentDeliveryManager
2018-05-02 01:28:18 AM: Key already exists: PreInstalledAppsEverEnabled at HKCU:\SOFTWARE\Microsoft\Windows\CurrentVersion\ContentDeliveryManager
2018-05-02 01:28:18 AM: Key already exists: OEMPreInstalledAppsEnabled at HKCU:\SOFTWARE\Microsoft\Windows\CurrentVersion\ContentDeliveryManager
2018-05-02 01:28:18 AM: Stop MS shoehorning apps quietly into your profile
2018-05-02 01:28:18 AM: Key already exists: SilentInstalledAppsEnabled at HKCU:\SOFTWARE\Microsoft\Windows\CurrentVersion\ContentDeliveryManager
2018-05-02 01:28:18 AM: Added Key: ContentDeliveryAllowed at HKCU:\SOFTWARE\Microsoft\Windows\CurrentVersion\ContentDeliveryManager
2018-05-02 01:28:18 AM: Key already exists: SubscribedContentEnabled at HKCU:\SOFTWARE\Microsoft\Windows\CurrentVersion\ContentDeliveryManager
2018-05-02 01:28:18 AM: Ads in File Explorer
2018-05-02 01:28:18 AM: Key already exists: ShowSyncProviderNotifications at HKCU:\SOFTWARE\Microsoft\Windows\CurrentVersion\ContentDeliveryManager
2018-05-02 01:28:18 AM: Disabling auto update and download of Windows Store Apps - enable if you are not using the store
2018-05-02 01:28:18 AM: Key already exists: AutoDownload at HKCU:\SOFTWARE\Policies\Microsoft\WindowsStore
2018-05-02 01:28:18 AM: Let websites provide local content by accessing language list
2018-05-02 01:28:18 AM: Key already exists: HttpAcceptLanguageOptOut at HKCU:\Control Panel\International\User Profile
2018-05-02 01:28:18 AM: Let apps share and sync non-explicitly paired wireless devices over uPnP
2018-05-02 01:28:18 AM: Don't ask for feedback
2018-05-02 01:28:18 AM: Key already exists: NumberOfSIUFInPeriod at HKCU:\SOFTWARE\Microsoft\Siuf\Rules
2018-05-02 01:28:18 AM: Key already exists: PeriodInNanoSeconds at HKCU:\SOFTWARE\Microsoft\Siuf\Rules
2018-05-02 01:28:18 AM: Stopping Cortana/Microsoft from getting to know you
2018-05-02 01:28:18 AM: Key already exists: AcceptedPrivacyPolicy at HKCU:\SOFTWARE\Microsoft\Personalization\Settings
2018-05-02 01:28:18 AM: Key already exists: Enabled at HKCU:\SOFTWARE\Microsoft\Windows\CurrentVersion\SettingSync\Groups\Language
2018-05-02 01:28:18 AM: Key already exists: RestrictImplicitTextCollection at HKCU:\SOFTWARE\Microsoft\InputPersonalization
2018-05-02 01:28:18 AM: Key already exists: RestrictImplicitInkCollection at HKCU:\SOFTWARE\Microsoft\InputPersonalization
2018-05-02 01:28:18 AM: Key already exists: HarvestContacts at HKCU:\SOFTWARE\Microsoft\InputPersonalization\TrainedDataStore
2018-05-02 01:28:18 AM: Key already exists: Enabled at HKCU:\SOFTWARE\Microsoft\Input\TIPC
2018-05-02 01:28:18 AM: Disabling Cortana and Bing search user settings
2018-05-02 01:28:18 AM: Added Key: CortanaEnabled at HKCU:\SOFTWARE\Microsoft\Windows\CurrentVersion\Search
2018-05-02 01:28:18 AM: Key already exists: BingSearchEnabled at HKCU:\SOFTWARE\Microsoft\Windows\CurrentVersion\Search
2018-05-02 01:28:18 AM: Key already exists: DeviceHistoryEnabled at HKCU:\SOFTWARE\Microsoft\Windows\CurrentVersion\Search
2018-05-02 01:28:19 AM: New Build detected: Blocking Internet Search via Windows Search
2018-05-02 01:28:19 AM: Key already exists: BingSearchEnabled at HKCU:\Software\Microsoft\Windows\CurrentVersion\Search
2018-05-02 01:28:19 AM: Added Key: AllowSearchToUseLocation at HKCU:\Software\Microsoft\Windows\CurrentVersion\Search
2018-05-02 01:28:19 AM: Key already exists: CortanaConsent at HKCU:\Software\Microsoft\Windows\CurrentVersion\Search
2018-05-02 01:28:19 AM: Below takes search bar off the taskbar, personal preference
2018-05-02 01:28:19 AM: Key already exists: SearchboxTaskbarMode at HKCU:\SOFTWARE\Microsoft\Windows\CurrentVersion\Search
2018-05-02 01:28:19 AM: Stop Cortana from remembering history
2018-05-02 01:28:19 AM: Key already exists: HistoryViewEnabled at HKCU:\SOFTWARE\Microsoft\Windows\CurrentVersion\Search
2018-05-02 01:28:19 AM: Disabling Shared Experiences
2018-05-02 01:28:19 AM: Key already exists: RomeSdkChannelUserAuthzPolicy at HKCU:\SOFTWARE\Microsoft\Windows\CurrentVersion\CDP
2018-05-02 01:28:19 AM: Disabling Bing In Start Menu and Cortana In Search
2018-05-02 01:28:19 AM: Key already exists: Enabled at HKCU:\SOFTWARE\Microsoft\Windows\CurrentVersion\AdvertisingInfo
2018-05-02 01:28:19 AM: Key already exists: TailoredExperiencesWithDiagnosticDataEnabled at HKCU:\SOFTWARE\Microsoft\Windows\CurrentVersion\Privacy
2018-05-02 01:28:19 AM: Disabling Delivery Optomization
2018-05-02 01:28:19 AM: Added Key: SystemSettingsDownloadMode at HKCU:\SOFTWARE\Microsoft\Windows\CurrentVersion\DeliveryOptimization
2018-05-02 01:28:19 AM: Removing Autologger File And Restricting Directory
2018-05-02 01:28:19 AM: Setting Global User Settings
2018-05-02 01:28:19 AM: Setting Visual Style to best visual
2018-05-02 01:28:19 AM: Key already exists: VisualFXSetting at HKCU:\SOFTWARE\Microsoft\Windows\CurrentVersion\Explorer\VisualEffects
2018-05-02 01:28:19 AM: Disabling Autoplay
2018-05-02 01:28:19 AM: Key already exists: DisableAutoplay at HKCU:\SOFTWARE\Microsoft\Windows\CurrentVersion\Explorer\AutoplayHandlers
2018-05-02 01:28:19 AM: Disabling Auto Update And Download Of Windows Store Apps
2018-05-02 01:28:19 AM: Key already exists: AutoDownload at HKCU:\SOFTWARE\Policies\Microsoft\WindowsStore
2018-05-02 01:28:19 AM: Setting Explorer Default To This PC
2018-05-02 01:28:19 AM: Key already exists: LaunchTo at HKCU:\Software\Microsoft\Windows\CurrentVersion\Explorer\Advanced
2018-05-02 01:28:19 AM: Setting Explorer Default To Show File Extensions
2018-05-02 01:28:19 AM: Key already exists: HideFileExt at HKCU:\Software\Microsoft\Windows\CurrentVersion\Explorer\Advanced
2018-05-02 01:28:19 AM: Setting Checkboxes in Explorer
2018-05-02 01:28:19 AM: Added Key: AutoCheckSelect at HKCU:\SOFTWARE\Microsoft\Windows\CurrentVersion\Explorer\Advanced
2018-05-02 01:28:19 AM: Setting Windows to not track app launches
2018-05-02 01:28:19 AM: Added Key: Start_TrackProgs at HKCU:\Software\Microsoft\Windows\CurrentVersion\Explorer\Advanced
2018-05-02 01:28:19 AM: Setting Windows Powershell to default on Win X Menu
2018-05-02 01:28:19 AM: Key already exists: DontUsePowerShellOnWinX at HKCU:\SOFTWARE\Microsoft\Windows\CurrentVersion\Explorer\Advanced
2018-05-02 01:28:19 AM: Unchecking Show Recently Used Files In Quick Access
2018-05-02 01:28:19 AM: Key already exists: ShowRecent at HKCU:\Software\Microsoft\Windows\Currentversion\Explorer
2018-05-02 01:28:19 AM: Unchecking Show Frequently Used Folders In Quick Access
2018-05-02 01:28:19 AM: Key already exists: ShowFrequent at HKCU:\Software\Microsoft\Windows\Currentversion\Explorer
2018-05-02 01:28:19 AM: Disabling AeroShake
2018-05-02 01:28:19 AM: Key already exists: NoWindowMinimizingShortcuts at HKCU:\Software\Policies\Microsoft\Windows\Explorer
2018-05-02 01:28:19 AM: Hiding Cortana
2018-05-02 01:28:19 AM: Key already exists: SearchboxTaskbarMode at HKCU:\SOFTWARE\Microsoft\Windows\CurrentVersion\Search
2018-05-02 01:28:19 AM: Disabling Sticky keys prompt
2018-05-02 01:28:19 AM: Disabling TaskBar People Icon
2018-05-02 01:28:19 AM: Key already exists: PeopleBand at HKCU:\SOFTWARE\Microsoft\Windows\CurrentVersion\Explorer\Advanced\People
2018-05-02 01:28:19 AM: Disabling Taskview on Taskbar
2018-05-02 01:28:19 AM: Added Key: ShowTaskViewButton at HKCU:\SOFTWARE\Microsoft\Windows\CurrentVersion\Explorer\Advanced
2018-05-02 01:28:19 AM: Setting Desktop Icons: My PC, User Files, and Recycle Bin on Desktop / Remove OneDrive
2018-05-02 01:28:19 AM: Key already exists: Hideicons at HKCU:\Software\Microsoft\Windows\Currentversion\Explorer\Advanced
2018-05-02 01:28:19 AM: Key already exists: {20d04fe0-3aea-1069-A2d8-08002b30309d} at HKCU:\Software\Microsoft\Windows\Currentversion\Explorer\Hidedesktopicons\Newstartpanel
2018-05-02 01:28:19 AM: Added Key: {59031a47-3f72-44a7-89c5-5595fe6b30ee} at HKCU:\Software\Microsoft\Windows\Currentversion\Explorer\Hidedesktopicons\Newstartpanel
2018-05-02 01:28:19 AM: Added Key: {645ff040-5081-101b-9f08-00aa002f954e} at HKCU:\Software\Microsoft\Windows\Currentversion\Explorer\Hidedesktopicons\Newstartpanel
2018-05-02 01:28:19 AM: Key already exists: {018D5C66-4533-4307-9B53-224DE2ED1FE6} at HKCU:\Software\Microsoft\Windows\Currentversion\Explorer\Hidedesktopicons\Newstartpanel
2018-05-02 01:28:19 AM: Removing User Folders From This PC
2018-05-02 01:28:19 AM: Setting System Privacy Settings
2018-05-02 01:28:19 AM: Removing App Telemetry Settings for...
2018-05-02 01:28:19 AM: Account Info
2018-05-02 01:28:19 AM: Key already exists: LetAppsAccessAccountInfo at HKLM:\SOFTWARE\Policies\Microsoft\Windows\AppPrivacy
2018-05-02 01:28:19 AM: Calendar
2018-05-02 01:28:19 AM: Key already exists: LetAppsAccessCalendar at HKLM:\SOFTWARE\Policies\Microsoft\Windows\AppPrivacy
2018-05-02 01:28:19 AM: Call History
2018-05-02 01:28:19 AM: Key already exists: LetAppsAccessCallHistory at HKLM:\SOFTWARE\Policies\Microsoft\Windows\AppPrivacy
2018-05-02 01:28:19 AM: Camera
2018-05-02 01:28:19 AM: Key already exists: LetAppsAccessCamera at HKLM:\SOFTWARE\Policies\Microsoft\Windows\AppPrivacy
2018-05-02 01:28:19 AM: Contacts
2018-05-02 01:28:19 AM: Key already exists: LetAppsAccessContacts at HKLM:\SOFTWARE\Policies\Microsoft\Windows\AppPrivacy
2018-05-02 01:28:19 AM: Email
2018-05-02 01:28:19 AM: Key already exists: LetAppsAccessEmail at HKLM:\SOFTWARE\Policies\Microsoft\Windows\AppPrivacy
2018-05-02 01:28:19 AM: Location
2018-05-02 01:28:19 AM: Key already exists: LetAppsAccessLocation at HKLM:\SOFTWARE\Policies\Microsoft\Windows\AppPrivacy
2018-05-02 01:28:19 AM: Messaging
2018-05-02 01:28:19 AM: Key already exists: LetAppsAccessMessaging at HKLM:\SOFTWARE\Policies\Microsoft\Windows\AppPrivacy
2018-05-02 01:28:19 AM: Microphone
2018-05-02 01:28:19 AM: Key already exists: LetAppsAccessMicrophone at HKLM:\SOFTWARE\Policies\Microsoft\Windows\AppPrivacy
2018-05-02 01:28:19 AM: Motion
2018-05-02 01:28:19 AM: Key already exists: LetAppsAccessMotion at HKLM:\SOFTWARE\Policies\Microsoft\Windows\AppPrivacy
2018-05-02 01:28:19 AM: Notifications
2018-05-02 01:28:19 AM: Key already exists: LetAppsAccessNotifications at HKLM:\SOFTWARE\Policies\Microsoft\Windows\AppPrivacy
2018-05-02 01:28:19 AM: Make Phone Calls
2018-05-02 01:28:19 AM: Key already exists: LetAppsAccessPhone at HKLM:\SOFTWARE\Policies\Microsoft\Windows\AppPrivacy
2018-05-02 01:28:19 AM: Radios
2018-05-02 01:28:19 AM: Key already exists: LetAppsAccessRadios at HKLM:\SOFTWARE\Policies\Microsoft\Windows\AppPrivacy
2018-05-02 01:28:19 AM: Access trusted devices
2018-05-02 01:28:19 AM: Key already exists: LetAppsAccessTrustedDevices at HKLM:\SOFTWARE\Policies\Microsoft\Windows\AppPrivacy
2018-05-02 01:28:19 AM: Sync with devices
2018-05-02 01:28:19 AM: Key already exists: LetAppsSyncWithDevices at HKLM:\SOFTWARE\Policies\Microsoft\Windows\AppPrivacy
2018-05-02 01:28:19 AM: Tasks
2018-05-02 01:28:19 AM: Added Key: LetAppsAccessTasks at HKLM:\SOFTWARE\Policies\Microsoft\Windows\AppPrivacy
2018-05-02 01:28:19 AM: Application Compatibility Settings...
2018-05-02 01:28:19 AM: Turn off Application Telemetry
2018-05-02 01:28:19 AM: Key already exists: AITEnable at HKLM:\SOFTWARE\Policies\Microsoft\Windows\AppCompat
2018-05-02 01:28:19 AM: Turn off inventory collector
2018-05-02 01:28:19 AM: Key already exists: DisableInventory at HKLM:\SOFTWARE\Policies\Microsoft\Windows\AppCompat
2018-05-02 01:28:19 AM: Turn off steps recorder
2018-05-02 01:28:19 AM: Key already exists: DisableUAR at HKLM:\SOFTWARE\Policies\Microsoft\Windows\AppCompat
2018-05-02 01:28:19 AM: Cloud Content Settings...
2018-05-02 01:28:19 AM: Do not show Windows Tips
2018-05-02 01:28:19 AM: Key already exists: DisableSoftLanding at HKLM:\SOFTWARE\Policies\Microsoft\Windows\CloudContent
2018-05-02 01:28:19 AM: Turn off Consumer Experiences
2018-05-02 01:28:19 AM: Key already exists: DisableWindowsConsumerFeatures at HKLM:\SOFTWARE\Policies\Microsoft\Windows\CloudContent
2018-05-02 01:28:19 AM: Data Collection Settings...
2018-05-02 01:28:19 AM: Set Telemetry to Basic
2018-05-02 01:28:19 AM: Key already exists: AllowTelemetry at HKLM:\SOFTWARE\Policies\Microsoft\Windows\DataCollection
2018-05-02 01:28:19 AM: Key already exists: AllowTelemetry at HKLM:\SOFTWARE\Wow6432Node\Microsoft\Windows\CurrentVersion\Policies\DataCollection
2018-05-02 01:28:19 AM: Disable pre-release features and settings
2018-05-02 01:28:19 AM: Key already exists: EnableConfigFlighting at HKLM:\SOFTWARE\Policies\Microsoft\Windows\PreviewBuilds
2018-05-02 01:28:19 AM: Do not show feedback notifications
2018-05-02 01:28:20 AM: Key already exists: DoNotShowFeedbackNotifications at HKLM:\SOFTWARE\Policies\Microsoft\Windows\DataCollection
2018-05-02 01:28:20 AM: Delivery Optimization Settings...
2018-05-02 01:28:20 AM: Key already exists: DODownloadMode at HKLM:\SOFTWARE\Policies\Microsoft\Windows\DeliveryOptimization
2018-05-02 01:28:20 AM: Key already exists: DownloadMode at HKLM:\SOFTWARE\Microsoft\Windows\CurrentVersion\DeliveryOptimization\Config
2018-05-02 01:28:20 AM: Key already exists: DODownloadMode at HKLM:\SOFTWARE\Microsoft\Windows\CurrentVersion\DeliveryOptimization\Config
2018-05-02 01:28:20 AM: Location and Sensors
2018-05-02 01:28:20 AM: Key already exists: DisableLocation at HKLM:\SOFTWARE\Policies\Microsoft\Windows\LocationAndSensors
2018-05-02 01:28:20 AM: Key already exists: DisableSensors at HKLM:\SOFTWARE\Policies\Microsoft\Windows\LocationAndSensors
2018-05-02 01:28:20 AM: Microsoft Edge - Always send do not track
2018-05-02 01:28:20 AM: Key already exists: DoNotTrack at HKLM:\SOFTWARE\Policies\Microsoft\MicrosoftEdge\Main
2018-05-02 01:28:20 AM: Disabling Cortana...
2018-05-02 01:28:20 AM: Key already exists: AllowCortana at HKLM:\SOFTWARE\Policies\Microsoft\Windows\Windows Search
2018-05-02 01:28:20 AM: Added Key: BingSearchEnabled at HKLM:\SOFTWARE\Policies\Microsoft\Windows\Windows Search
2018-05-02 01:28:20 AM: Disallow Cortana on lock screen
2018-05-02 01:28:20 AM: Key already exists: AllowCortanaAboveLock at HKLM:\SOFTWARE\Policies\Microsoft\Windows\Windows Search
2018-05-02 01:28:20 AM: Disallow web search from desktop search
2018-05-02 01:28:20 AM: Key already exists: DisableWebSearch at HKLM:\SOFTWARE\Policies\Microsoft\Windows\Windows Search
2018-05-02 01:28:20 AM: Added Key: AllowCloudSearch at HKLM:\SOFTWARE\Policies\Microsoft\Windows\Windows Search
2018-05-02 01:28:20 AM: Don't search the web or display web results in search
2018-05-02 01:28:20 AM: Key already exists: ConnectedSearchUseWeb at HKLM:\SOFTWARE\Policies\Microsoft\Windows\Windows Search
2018-05-02 01:28:20 AM: Windows Store...
2018-05-02 01:28:20 AM: Turn off Automatic download/install of app updates
2018-05-02 01:28:20 AM: Key already exists: AutoDownload at HKLM:\SOFTWARE\Policies\Microsoft\WindowsStore
2018-05-02 01:28:20 AM: Sync Settings...
2018-05-02 01:28:20 AM: Do not syncanything
2018-05-02 01:28:20 AM: Key already exists: DisableSettingSync at HKLM:\SOFTWARE\Policies\Microsoft\Windows\SettingSync
2018-05-02 01:28:20 AM: Disallow users to override this
2018-05-02 01:28:20 AM: Key already exists: DisableSettingSyncUserOverride at HKLM:\SOFTWARE\Policies\Microsoft\Windows\SettingSync
2018-05-02 01:28:20 AM: Windows Update Settings...
2018-05-02 01:28:20 AM: Turn off featured software notifications through WU (basically ads)
2018-05-02 01:28:20 AM: Key already exists: EnableFeaturedSoftware at HKLM:\SOFTWARE\Policies\Microsoft\Windows\WindowsUpdate\AU
2018-05-02 01:28:20 AM: Disabling Wifi Sense
2018-05-02 01:28:20 AM: Added Key: Value at HKLM:\Software\Microsoft\PolicyManager\default\WiFi\AllowWiFiHotSpotReporting
2018-05-02 01:28:20 AM: Added Key: Value at HKLM:\Software\Microsoft\PolicyManager\default\WiFi\AllowAutoConnectToWiFiSenseHotspots
2018-05-02 01:28:20 AM: Key already exists: AutoConnectAllowedOEM at HKLM:\SOFTWARE\Microsoft\WcmSvc\wifinetworkmanager\config
2018-05-02 01:28:20 AM: Key already exists: WiFISenseAllowed at HKLM:\SOFTWARE\Microsoft\WcmSvc\wifinetworkmanager\config
2018-05-02 01:28:20 AM: Disabling Location Tracking
2018-05-02 01:28:20 AM: Key already exists: SensorPermissionState at HKLM:\SOFTWARE\Microsoft\Windows NT\CurrentVersion\Sensor\Overrides\{BFA794E4-F964-4FDB-90F6-51056BFE4B44}
2018-05-02 01:28:20 AM: Key already exists: Status at HKLM:\System\CurrentControlSet\Services\lfsvc\Service\Configuration
2018-05-02 01:28:20 AM: Disabling Map tracking
2018-05-02 01:28:20 AM: Key already exists: AutoUpdateEnabled at HKLM:\SYSTEM\Maps
2018-05-02 01:28:20 AM: Disable Error Reporting
2018-05-02 01:28:20 AM: Added Key: Disabled at HKLM:\SOFTWARE\Microsoft\Windows\Windows Error Reporting
2018-05-02 01:28:20 AM: Disabling advertising info and device metadata collection for this machine
2018-05-02 01:28:20 AM: Key already exists: Enabled at HKLM:\SOFTWARE\Microsoft\Windows\CurrentVersion\AdvertisingInfo
2018-05-02 01:28:20 AM: Added Key: PreventDeviceMetadataFromNetwork at HKLM:\SOFTWARE\Microsoft\Windows\CurrentVersion\Device Metadata
2018-05-02 01:28:20 AM: Prevent apps on other devices from opening apps on this PC
2018-05-02 01:28:20 AM: Added Key: UserAuthPolicy  at HKLM:\SOFTWARE\Microsoft\Windows\CurrentVersion\SmartGlass
2018-05-02 01:28:20 AM: Allowing SmartScreen Filter for Windows, Edge, and Store apps
2018-05-02 01:28:20 AM: Added Key: EnabledV9 at HKLM:\SOFTWARE\Policies\Microsoft\MicrosoftEdge\PhishingFilter
2018-05-02 01:28:20 AM: Added Key: EnableWebContentEvaluation at HKCU:\\Software\Microsoft\Windows\CurrentVersion\AppHost
2018-05-02 01:28:20 AM: Prevent using sign-in info to automatically finish setting up after an update
2018-05-02 01:28:20 AM: Key already exists: ARSOUserConsent at HKLM:\SOFTWARE\Microsoft\Windows NT\CurrentVersion\Winlogon
2018-05-02 01:28:20 AM: Disable Malicious Software Removal Tool through WU, and CEIP
2018-05-02 01:28:20 AM: Key already exists: DontOfferThroughWUAU at HKLM:\SOFTWARE\Policies\Microsoft\MRT
2018-05-02 01:28:20 AM: Key already exists: CEIPEnable at HKLM:\SOFTWARE\Policies\Microsoft\SQMClient\Windows
2018-05-02 01:28:20 AM: Setting System Settings
2018-05-02 01:28:20 AM: Setting Execution Policy Back To Correct Settings
2018-05-02 01:28:20 AM: Disabling The Built-In Admin Account
2018-05-02 01:28:20 AM: Setting Power Settings To Never Sleep
2018-05-02 01:28:20 AM: Disabling display and sleep mode timeouts...
2018-05-02 01:28:21 AM: Disabling Sleep start menu and keyboard button...
2018-05-02 01:28:21 AM: Key already exists: ShowSleepOption at HKLM:\SOFTWARE\Microsoft\Windows\CurrentVersion\Explorer\FlyoutMenuSettings
2018-05-02 01:28:21 AM: Disabling Hibernation
2018-05-02 01:28:21 AM: Key already exists: ShowHibernateOption at HKLM:\SOFTWARE\Microsoft\Windows\CurrentVersion\Explorer\FlyoutMenuSettings
2018-05-02 01:28:21 AM: Enable F8 boot menu options
2018-05-02 01:28:21 AM: Setting time zone to Central Standard
2018-05-02 01:28:21 AM: The time zone is already set to Central Standard Time.
2018-05-02 01:28:21 AM: Setting current network profile to private
2018-05-02 01:28:21 AM: Configuring To Allow Pings, RDP, WMI, and File and Printer Sharing Through Firewall
2018-05-02 01:28:22 AM: Setting RDP to allow inbound connections
2018-05-02 01:28:22 AM: Setting Ping firewall rule (in/out)
2018-05-02 01:28:22 AM: Setting Remote Desktop firewall rule
2018-05-02 01:28:24 AM: Setting Windows Management Instrumentation (WMI) firewall rule
2018-05-02 01:28:24 AM: Setting Network Discovery firewall rule
2018-05-02 01:28:26 AM: Setting File and Printer Sharing firewall rule
2018-05-02 01:28:28 AM: Setting Windows Remote Management firewall rule
2018-05-02 01:28:29 AM: Setting Core Networking firewall rule
2018-05-02 01:28:30 AM: Setting UAC Setting To Third Bar Down (Notify When Apps Make Changes??? Don't Dim)
2018-05-02 01:28:30 AM: Key already exists: ConsentPromptBehaviorAdmin at HKLM:\Software\Microsoft\Windows\CurrentVersion\Policies\System
2018-05-02 01:28:30 AM: Key already exists: EnableInstallerDetection at HKLM:\Software\Microsoft\Windows\CurrentVersion\Policies\System
2018-05-02 01:28:30 AM: Key already exists: PromptOnSecureDesktop at HKLM:\Software\Microsoft\Windows\CurrentVersion\Policies\System
2018-05-02 01:28:30 AM: Key already exists: FilterAdministratorToken at HKLM:\Software\Microsoft\Windows\CurrentVersion\Policies\System
2018-05-02 01:28:30 AM: Removing memory dumping, event logging, and automatic restarts on operating system crashes
2018-05-02 01:28:30 AM: Key already exists: AutoReboot at HKLM:\SYSTEM\CurrentControlSet\Control\CrashControl
2018-05-02 01:28:30 AM: Allowing Lock Screen
2018-05-02 01:28:30 AM: Key already exists: NoLockScreen at HKCU:\SOFTWARE\Policies\Microsoft\Windows\Personalization
2018-05-02 01:28:31 AM: Key already exists: NoChangingLockScreen at HKCU:\SOFTWARE\Policies\Microsoft\Windows\Personalization
2018-05-02 01:28:31 AM: Disabling Windows Update automatic restart
2018-05-02 01:28:31 AM: Added Key: NoAutoRebootWithLoggedOnUsers at HKLM:\Software\Microsoft\WindowsUpdate\UX\Settings
2018-05-02 01:28:31 AM: Added Key: UxOption at HKLM:\Software\Microsoft\WindowsUpdate\UX\Settings
2018-05-02 01:28:31 AM: Disabling search for app in store for unknown extensions
2018-05-02 01:28:31 AM: Key already exists: NoUseStoreOpenWith at HKLM:\SOFTWARE\Policies\Microsoft\Windows\Explorer
2018-05-02 01:28:31 AM: Disabling Autorun for all drives
2018-05-02 01:28:31 AM: Added Key: NoDriveTypeAutoRun at HKLM:\SOFTWARE\Microsoft\Windows\CurrentVersion\Policies\Explorer
2018-05-02 01:28:31 AM: Enabling Remote Desktop With Network Level Authentication
2018-05-02 01:28:31 AM: Key already exists: fDenyTSConnections at HKLM:\System\CurrentControlSet\Control\Terminal Server
2018-05-02 01:28:31 AM: Key already exists: UserAuthentication at HKLM:\System\CurrentControlSet\Control\Terminal Server\WinStations\RDP-Tcp
2018-05-02 01:28:31 AM: Disabling Remote Assistance
2018-05-02 01:28:31 AM: Key already exists: fAllowToGetHelp at HKLM:\System\CurrentControlSet\Control\Remote Assistance
2018-05-02 01:28:31 AM: Setting Control Panel view to small icons...
2018-05-02 01:28:31 AM: Key already exists: StartupPage at HKCU:\Software\Microsoft\Windows\CurrentVersion\Explorer\ControlPanel
2018-05-02 01:28:31 AM: Key already exists: AllItemsIconView at HKCU:\Software\Microsoft\Windows\CurrentVersion\Explorer\ControlPanel
2018-05-02 01:28:31 AM: Unpinning all Taskbar icons. Pin back the ones you want
2018-05-02 01:28:31 AM: Enabling NumLock after startup...
2018-05-02 01:28:31 AM: Setting a default start menu for all users
2018-05-02 01:28:31 AM: Setting up Windows Photo Viewer
2018-05-02 01:28:35 AM: Stopping and Disabling Diagnostics Tracking Service, WAP Push Service, Home Groups service, Xbox Services, and Other Unncessary Services
2018-05-02 01:28:35 AM: Stopping Service Diagtrack and setting startup to disabled
2018-05-02 01:28:35 AM: Stopping Service Homegroupprovider and setting startup to disabled
2018-05-02 01:28:35 AM: Stopping Service Xblauthmanager and setting startup to disabled
2018-05-02 01:28:35 AM: Stopping Service Xblgamesave and setting startup to disabled
2018-05-02 01:28:35 AM: Stopping Service Xboxnetapisvc and setting startup to disabled
2018-05-02 01:28:35 AM: Stopping Service Trkwks and setting startup to disabled
2018-05-02 01:28:35 AM: Stopping Service Wmpnetworksvc and setting startup to disabled
2018-05-02 01:28:35 AM: Stopping Service dmwappushservice and setting startup to disabled
2018-05-02 01:28:35 AM: Disabing Microsoft\Windows\Application Experience\Microsoft Compatibility Appraiser
2018-05-02 01:28:37 AM: Disabing Microsoft\Windows\Application Experience\ProgramDataUpdater
2018-05-02 01:28:37 AM: Disabing Microsoft\Windows\Autochk\Proxy
2018-05-02 01:29:01 AM: Disabing Microsoft\Windows\Customer Experience Improvement Program\Consolidator
2018-05-02 01:29:01 AM: Disabing Microsoft\Windows\Customer Experience Improvement Program\UsbCeip
2018-05-02 01:29:01 AM: Disabing Microsoft\Windows\DiskDiagnostic\Microsoft-Windows-DiskDiagnosticDataCollector
2018-05-02 01:29:01 AM: Disabing Microsoft\Windows\NetTrace\GatherNetworkInfo
2018-05-02 01:29:01 AM: Disabing Microsoft\Windows\Windows Error Reporting\QueueReporting
2018-05-02 01:29:01 AM: Disabing Microsoft\Windows\Feedback\Siuf\DmClient
2018-05-02 01:29:01 AM: Disabing Microsoft\Windows\Feedback\Siuf\DmClientOnScenarioDownload
2018-05-02 01:29:01 AM: Disabling Xbox features...
2018-05-02 01:29:01 AM: Removing Unwanted Default Apps
2018-05-02 01:29:01 AM: Uninstalling: InputApp
2018-05-02 01:29:01 AM: Uninstalling: InputApp
2018-05-02 01:29:02 AM: Uninstalling: Microsoft.ECApp
2018-05-02 01:29:02 AM: Uninstalling: Microsoft.ECApp
2018-05-02 01:29:02 AM: Uninstalling: Microsoft.LockApp
2018-05-02 01:29:02 AM: Uninstalling: Windows.CBSPreview
2018-05-02 01:29:02 AM: Uninstalling: Windows.MiracastView
2018-05-02 01:29:02 AM: Uninstalling: Microsoft.VCLibs.140.00
2018-05-02 01:29:02 AM: Uninstalling: Microsoft.VCLibs.140.00
2018-05-02 01:29:02 AM: Uninstalling: Microsoft.PPIProjection
2018-05-02 01:29:02 AM: Uninstalling: Microsoft.BioEnrollment
2018-05-02 01:29:02 AM: Uninstalling: Microsoft.VCLibs.140.00
2018-05-02 01:29:02 AM: Uninstalling: Microsoft.VCLibs.140.00
2018-05-02 01:29:02 AM: Uninstalling: Microsoft.PPIProjection
2018-05-02 01:29:02 AM: Uninstalling: Microsoft.BioEnrollment
2018-05-02 01:29:02 AM: Uninstalling: Microsoft.CredDialogHost
2018-05-02 01:29:02 AM: Uninstalling: Microsoft.CredDialogHost
2018-05-02 01:29:03 AM: Uninstalling: Microsoft.AccountsControl
2018-05-02 01:29:03 AM: Uninstalling: Microsoft.Windows.Cortana
2018-05-02 01:29:03 AM: Uninstalling: Microsoft.AccountsControl
2018-05-02 01:29:03 AM: Uninstalling: Microsoft.AAD.BrokerPlugin
2018-05-02 01:29:03 AM: Uninstalling: Microsoft.Advertising.Xaml
2018-05-02 01:29:03 AM: Uninstalling: Microsoft.Advertising.Xaml
2018-05-02 01:29:03 AM: Uninstalling: Microsoft.AsyncTextService
2018-05-02 01:29:04 AM: Uninstalling: Microsoft.Win32WebViewHost
2018-05-02 01:29:04 AM: Uninstalling: Microsoft.XboxGamingOverlay
2018-05-02 01:29:04 AM: Uninstalling: Microsoft.XboxGameCallableUI
2018-05-02 01:29:04 AM: Uninstalling: Microsoft.HEVCVideoExtension
2018-05-02 01:29:04 AM: Uninstalling: Microsoft.XboxGameCallableUI
2018-05-02 01:29:04 AM: Uninstalling: Microsoft.WebMediaExtensions
2018-05-02 01:29:04 AM: Uninstalling: windows.immersivecontrolpanel
2018-05-02 01:29:05 AM: Uninstalling: Microsoft.Windows.SecHealthUI
2018-05-02 01:29:05 AM: Uninstalling: Microsoft.Windows.SecHealthUI
2018-05-02 01:29:05 AM: Uninstalling: Microsoft.Windows.Apprep.ChxApp
2018-05-02 01:29:05 AM: Uninstalling: Microsoft.Windows.Apprep.ChxApp
2018-05-02 01:29:05 AM: Uninstalling: Microsoft.Windows.CapturePicker
2018-05-02 01:29:05 AM: Uninstalling: Microsoft.Windows.ParentalControls
2018-05-02 01:29:06 AM: Uninstalling: Microsoft.Windows.ParentalControls
2018-05-02 01:29:06 AM: Uninstalling: c5e2524a-ea46-4f67-841f-6a9465d9d515
2018-05-02 01:29:06 AM: Uninstalling: 1527c705-839a-4832-9118-54d4Bd6a0c89
2018-05-02 01:29:06 AM: Uninstalling: F46D4000-FD22-4DB4-AC8E-4E1DDDE828FE
2018-05-02 01:29:06 AM: Uninstalling: F46D4000-FD22-4DB4-AC8E-4E1DDDE828FE
2018-05-02 01:29:07 AM: Uninstalling: c5e2524a-ea46-4f67-841f-6a9465d9d515
2018-05-02 01:29:07 AM: Uninstalling: E2A4F912-2574-4A75-9BB0-0D023378592B
2018-05-02 01:29:07 AM: Uninstalling: 1527c705-839a-4832-9118-54d4Bd6a0c89
2018-05-02 01:29:07 AM: Uninstalling: E2A4F912-2574-4A75-9BB0-0D023378592B
2018-05-02 01:29:07 AM: Uninstalling: Microsoft.Windows.HolographicFirstRun
2018-05-02 01:29:07 AM: Uninstalling: Microsoft.Windows.ShellExperienceHost
2018-05-02 01:29:07 AM: Uninstalling: Microsoft.Windows.HolographicFirstRun
2018-05-02 01:29:08 AM: Uninstalling: Microsoft.Windows.CloudExperienceHost
2018-05-02 01:29:08 AM: Uninstalling: Microsoft.Windows.PeopleExperienceHost
2018-05-02 01:29:08 AM: Uninstalling: Microsoft.Windows.PeopleExperienceHost
2018-05-02 01:29:08 AM: Uninstalling: Microsoft.Windows.AssignedAccessLockApp
2018-05-02 01:29:08 AM: Uninstalling: Microsoft.Windows.AssignedAccessLockApp
2018-05-02 01:29:08 AM: Uninstalling: Microsoft.Windows.ContentDeliveryManager
2018-05-02 01:29:09 AM: Uninstalling: Microsoft.Windows.SecureAssessmentBrowser
2018-05-02 01:29:09 AM: Uninstalling: Microsoft.Windows.SecureAssessmentBrowser
2018-05-02 01:29:09 AM: Uninstalling: Microsoft.Windows.OOBENetworkCaptivePortal
2018-05-02 01:29:09 AM: Uninstalling: Microsoft.Windows.OOBENetworkCaptivePortal
2018-05-02 01:29:09 AM: Uninstalling: Microsoft.Windows.PinningConfirmationDialog
2018-05-02 01:29:09 AM: Uninstalling: Microsoft.Windows.OOBENetworkConnectionFlow
2018-05-02 01:29:10 AM: Uninstalling: Microsoft.Windows.OOBENetworkConnectionFlow
2018-05-02 01:29:10 AM: Uninstalling: Microsoft.Windows.PinningConfirmationDialog
2018-05-02 01:29:11 AM: Uninstalling: Microsoft.XboxGamingOverlay_1.15.1001.0_neutral_~_8wekyb3d8bbwe
2018-05-02 01:29:11 AM: Uninstalling: Microsoft.WebMediaExtensions_1.0.3102.0_neutral_~_8wekyb3d8bbwe
2018-05-02 01:29:13 AM: Enabling System Restore and creating a checkpoint
2018-05-02 01:29:24 AM: Script Completed on GW-VMH
####################</Script>####################
2018-05-02 01:29:24 AM: Configuration Complete. Press any key to reboot the computer
