####################<Script>####################
2018-03-01 01:29:18 PM: Script Started on GWILLI-BOOK 
2018-03-01 01:29:30 PM: Script Completed on GWILLI-BOOK
####################</Script>####################
####################<Script>####################
2018-03-01 01:35:36 PM: Script Started on GWILLI-BOOK 
2018-03-01 01:35:37 PM: ERROR: The module manifest path 'c:\scripts' is not valid. The value of the Path argument must resolve to a single file that has a '.psd1' extension. Change the value of the Path argument to point to a valid psd1 file, and then try again.
2018-03-01 01:35:37 PM: ERROR: Exiting early / breaking out!
2018-03-01 01:35:59 PM: Script Completed on GWILLI-BOOK
####################</Script>####################
####################<Script>####################
2018-03-01 01:37:37 PM: Script Started on GWILLI-BOOK 
2018-03-01 01:37:37 PM: Script Completed on GWILLI-BOOK
####################</Script>####################
####################<Script>####################
2018-03-01 01:39:31 PM: Script Started on GWILLI-BOOK 
2018-03-01 01:39:31 PM: Module gw3 created successfully!
2018-03-01 01:39:31 PM: Script Completed on GWILLI-BOOK
####################</Script>####################
####################<Script>####################
2018-03-01 01:43:56 PM: Script Started on GWILLI-BOOK 
2018-03-01 01:43:56 PM: Module gw3 created successfully!
2018-03-01 01:43:56 PM: Script Completed on GWILLI-BOOK
####################</Script>####################
####################<Script>####################
2018-03-01 01:45:26 PM: Script Started on GWILLI-BOOK 
2018-03-01 01:45:27 PM: Module gw3 created successfully!
2018-03-01 01:45:27 PM: Script Completed on GWILLI-BOOK
####################</Script>####################
####################<Script>####################
2018-03-01 01:47:25 PM: Script Started on GWILLI-BOOK 
2018-03-01 01:47:25 PM: Module gw3 created successfully!
2018-03-01 01:47:25 PM: Script Completed on GWILLI-BOOK
####################</Script>####################
####################<Script>####################
2018-03-01 01:48:22 PM: Script Started on GWILLI-BOOK 
2018-03-01 01:48:22 PM: Module gw4 created successfully!
2018-03-01 01:48:22 PM: Script Completed on GWILLI-BOOK
####################</Script>####################
####################<Script>####################
2018-03-01 01:50:25 PM: Script Started on GWILLI-BOOK 
2018-03-01 01:50:28 PM: Module gw4 created successfully!
2018-03-01 01:50:28 PM: Script Completed on GWILLI-BOOK
####################</Script>####################
####################<Script>####################
2018-03-01 01:52:52 PM: Script Started on GWILLI-BOOK 
2018-03-01 01:52:52 PM: Module gw5 created successfully!
2018-03-01 01:52:53 PM: Script Completed on GWILLI-BOOK
####################</Script>####################
####################<Script>####################
2018-03-01 01:54:02 PM: Script Started on GWILLI-BOOK 
2018-03-01 01:54:02 PM: Module gw5 created successfully!
2018-03-01 01:54:02 PM: Script Completed on GWILLI-BOOK
####################</Script>####################
